Request: GET / HTTP/1.1
Request: GET /about HTTP/1.1
Request: GET /style.css HTTP/1.1
Request: GET /server HTTP/1.1
Request: GET /style.css HTTP/1.1
Request: GET /script.js HTTP/1.1
Request: GET /contact HTTP/1.1
Request: GET /about HTTP/1.1
Request: GET /style.css HTTP/1.1
Request: GET / HTTP/1.1
Request: GET /about HTTP/1.1
Request: GET /style.css HTTP/1.1
Request: POST /contact HTTP/1.1
POST /contact Body: Host: localhost:8080
Connection: keep-alive
Content-Length: 62
Cache-Control: max-age=0
sec-ch-ua: "Chromium";v="148", "Brave";v="148", "Not/A)Brand";v="99"
sec-ch-ua-mobile: ?0
sec-ch-ua-platform: "Windows"
Upgrade-Insecure-Requests: 1
Content-Type: application/x-www-form-urlencoded
User-Agent: Mozilla/5.0 (Windows NT 10.0; Win64; x64) AppleWebKit/537.36 (KHTML, like Gecko) Chrome/148.0.0.0 Safari/537.36
Origin: http://localhost:8080
Accept: text/html,application/xhtml+xml,application/xml;q=0.9,image/avif,image/webp,image/apng,*/*;q=0.8
Sec-GPC: 1
Accept-Language: en-GB,en;q=0.7
Sec-Fetch-Site: same-origin
Sec-Fetch-Mode: navigate
Sec-Fetch-User: ?1
Sec-Fetch-Dest: document
Referer: http://localhost:8080/about
Accept-Encoding: gzip, deflate, br, zstd

name=sss&email=srujalaudarya249%40gmail.com&message=fdfdgdfghh
Request: GET /contact HTTP/1.1
Request: GET /api/status HTTP/1.1
Request: GET /api/users HTTP/1.1
Request: GET / HTTP/1.1
Request: GET /favicon.ico HTTP/1.1
Request: GET /server HTTP/1.1
Request: GET /script.js HTTP/1.1
Request: GET /style.css HTTP/1.1
Request: GET /style.css HTTP/1.1
Request: GET /contact HTTP/1.1
Request: GET /about HTTP/1.1
Request: GET /style.css HTTP/1.1
Request: GET /about HTTP/1.1
Request: GET /style.css HTTP/1.1
Request: POST /api/register HTTP/1.1
Request: PUT /api/users HTTP/1.1
Request: PUT /api/users HTTP/1.1
Request: PUT /api/users HTTP/1.1
Request: PUT /api/users HTTP/1.1
Request: PUT /api/users HTTP/1.1
Request: PUT /api/users HTTP/1.1
Request: PUT /api/users HTTP/1.1
Request: PUT /api/users HTTP/1.1
Request: PUT /api/users HTTP/1.1
Request: PUT /api/users HTTP/1.1
Request: PUT /api/users HTTP/1.1
Request: PUT /api/users HTTP/1.1
Request: PUT /api/users HTTP/1.1
Request: GET / HTTP/1.1
Request: GET /server HTTP/1.1
Request: GET /script.js HTTP/1.1
Request: GET /style.css HTTP/1.1
Request: GET /style.css HTTP/1.1
Request: PUT /api/users HTTP/1.1
Request: PUT /api/users HTTP/1.1
Request: PUT /api/users HTTP/1.1
Request: PUT /api/users HTTP/1.1
Request: PUT /api/users HTTP/1.1
Request: PUT /api/users HTTP/1.1
Request: PUT /api/users HTTP/1.1
Request: GET / HTTP/1.1
Request: GET /server HTTP/1.1
Request: GET /script.js HTTP/1.1
Request: GET /style.css HTTP/1.1
Request: GET /style.css HTTP/1.1
Request: PUT /api/users HTTP/1.1
Request: PUT /api/users HTTP/1.1
Request: PUT /api/users HTTP/1.1
Request: PUT /api/users HTTP/1.1
Request: PUT /api/users HTTP/1.1
Request: GET /api/users HTTP/1.1
Request: GET /api/users HTTP/1.1
Request: DELETE /api/users HTTP/1.1
Request: DELETE /api/users HTTP/1.1
Request: GET /server HTTP/1.1
Request: GET /style.css HTTP/1.1
Request: GET /script.js HTTP/1.1
Request: GET /style.css HTTP/1.1
Request: GET / HTTP/1.1
Request: GET /api/products HTTP/1.1
Request: GET /api/products HTTP/1.1
Request: GET / HTTP/1.1
Request: GET /api/products HTTP/1.1
Request: GET /api/products HTTP/1.1
Request: GET /api/products HTTP/1.1
Request: GET /api/products HTTP/1.1
Request: GET / HTTP/1.1
Request: GET /products HTTP/1.1
Request: GET /api/products HTTP/1.1
Request: GET / HTTP/1.1
Request: GET /api/products HTTP/1.1
Request: GET /server HTTP/1.1
Request: GET /script.js HTTP/1.1
Request: GET /style.css HTTP/1.1
Request: GET /style.css HTTP/1.1
Request: GET / HTTP/1.1
Request: GET /api/products HTTP/1.1
Request: GET /api/products HTTP/1.1
Request: POST /api/products HTTP/1.1
Request: POST /api/products HTTP/1.1
Request: POST /api/products HTTP/1.1
Request: POST /api/products HTTP/1.1
Request: GET /api/products HTTP/1.1
Request: GET /api/products HTTP/1.1
Request: GET /api/products HTTP/1.1
Request: POST /api/products HTTP/1.1
POST /api/products -> {price=55000, name=Laptop, id=3}
Request: POST /api/products HTTP/1.1
POST /api/products -> {price=55000, name=Laptop, id=3}
Request: GET /api/products HTTP/1.1
Request: POST /api/products HTTP/1.1
POST /api/products -> {price=55000, name=Laptop, id=3}
Request: POST /api/products HTTP/1.1
POST /api/products -> {price=55000, name=Laptop, id=3}
Request: GET /api/products HTTP/1.1
Request: GET /api/products HTTP/1.1
Request: GET /api/products HTTP/1.1
Request: GET / HTTP/1.1
Request: GET /api/products HTTP/1.1
Request: POST /api/products HTTP/1.1
POST /api/products -> {
  "id": 3,
  "name": "Laptop",
  "price": 55000
}
Request: PUT /api/products HTTP/1.1
Request: PUT /api/products HTTP/1.1
PUT /api/products -> {price=55000, name=Laptop, id=3}
Request: GET /api/products HTTP/1.1
Request: GET /api/products HTTP/1.1
Request: GET /api/products HTTP/1.1
Request: GET /api/products HTTP/1.1
Request: GET /api/products HTTP/1.1
Request: PUT /api/products HTTP/1.1
PUT /api/products -> {price=3000, name=Keyboard, id=3}
Request: GET /api/products HTTP/1.1
Request: PUT /api/products HTTP/1.1
PUT /api/products -> {price=3000, name=Keyboard, id=3}
Request: GET /api/products HTTP/1.1
Request: PUT /api/products HTTP/1.1
PUT /api/products -> {
  "id": 3,
  "name": "Keyboard",
  "price": 3000
}
Request: DELETE /api/products HTTP/1.1
DELETE /api/products -> {
  "id": 3,
  "name": "Keyboard",
  "price": 3000
}
Request: DELETE /api/products HTTP/1.1
DELETE /api/products -> {
  "id": 3,
  "name": "Keyboard",
  "price": 3000
}
Request: DELETE /api/products HTTP/1.1
DELETE /api/products -> id=2
Request: DELETE /api/products HTTP/1.1
DELETE /api/products -> id=2
Request: DELETE /api/products HTTP/1.1
DELETE /api/products -> {
  "id": 2,
}
Request: DELETE /api/products HTTP/1.1
DELETE /api/products -> {
  "id": 2,
}
Request: GET /api/products HTTP/1.1
Request: GET /api/products HTTP/1.1
Request: DELETE /api/products HTTP/1.1
DELETE /api/products -> {
  "id": 2,
}
Request: DELETE /api/products HTTP/1.1
DELETE /api/products -> {
  "id": 2,
}
Request: GET /api/products HTTP/1.1
Request: GET /api/products HTTP/1.1
Request: PUT /api/products HTTP/1.1
PUT /api/products -> {
  "id": 2,
}
Request: PUT /api/products HTTP/1.1
PUT /api/products -> {
  "id": 2
}
Request: PUT /api/products HTTP/1.1
PUT /api/products -> {
  "id": 2
}
Request: POST /api/products HTTP/1.1
POST /api/products -> {
  "id": 3,
  "name": "Keyboard",
  "price": 3000
}
Request: GET /api/products HTTP/1.1
Request: DELETE /api/products HTTP/1.1
DELETE /api/products -> {
  "id": 2
}
Request: DELETE /api/products HTTP/1.1
DELETE /api/products -> {
  "id": 2
}
Request: POST /api/products HTTP/1.1
POST /api/products -> {
  "id": 3,
  "name": "Keyboard",
  "price": 3000
}
Request: GET /api/products HTTP/1.1
Request: DELETE /api/products HTTP/1.1
DELETE /api/products -> {
  "id": 2
}
Request: DELETE /api/products HTTP/1.1
DELETE /api/products -> {
  "id": 3
}
Request: GET / HTTP/1.1
Request: GET /api/products HTTP/1.1
Request: GET /api/products/1 HTTP/1.1
Request: POST /api/products/1 HTTP/1.1
POST /api/products/1 -> {
    "id": 2,
    "name": "Mouse",
    "price": 2000
},
{
    "id": 3,
    "name": "Keyboard",
    "price": 5000
}
Request: GET /api/products/1 HTTP/1.1
Request: GET /api/products/1 HTTP/1.1
Request: GET /api/products/ HTTP/1.1
Request: GET /api/products/ HTTP/1.1
Request: GET /api/products/ HTTP/1.1
Request: GET /api/products/ HTTP/1.1
Request: GET /api/products/ HTTP/1.1
Request: GET /api/products/2 HTTP/1.1
Request: GET /api/products/3 HTTP/1.1
Request: GET /api/products/1 HTTP/1.1
Request: GET /api/products HTTP/1.1
Request: GET / HTTP/1.1
Request: GET /server HTTP/1.1
Request: GET /style.css HTTP/1.1
Request: GET /script.js HTTP/1.1
Request: GET /style.css HTTP/1.1
Request: GET /api/products/2 HTTP/1.1
Request: GET /api/products?id=1 HTTP/1.1
Request: GET /api/products?id=1 HTTP/1.1
Request: GET /api/products/1 HTTP/1.1
Request: GET /api/products/1 HTTP/1.1
Request: GET /api/products?id=2 HTTP/1.1
Request: GET /api/products?id=2 HTTP/1.1
Request: GET /api/products/3 HTTP/1.1
Request: GET /api/products/1 HTTP/1.1
Request: POST /api/login HTTP/1.1
Request: GET /api/profile HTTP/1.1
Request: GET /api/books HTTP/1.1
Request: GET /api/books HTTP/1.1
Request: GET /api/books HTTP/1.1
Request: POST /api/books HTTP/1.1
Request: POST /api/books HTTP/1.1
Request: POST /api/books HTTP/1.1
POST /api/books -> 
Request: POST /api/upload HTTP/1.1
Request: GET /server HTTP/1.1
Request: GET /style.css HTTP/1.1
Request: GET /script.js HTTP/1.1
Request: GET /style.css HTTP/1.1
Request: GET /contact HTTP/1.1
Request: GET /upload HTTP/1.1
Request: GET /upload HTTP/1.1
Request: GET /server/upload HTTP/1.1
Request: POST /api/upload-file HTTP/1.1
Request: POST /api/upload-file HTTP/1.1
Request: GET /server/upload HTTP/1.1
Request: POST /api/upload-file HTTP/1.1
Request: GET /api/upload HTTP/1.1
Request: GET /server/upload HTTP/1.1
Request: POST /api/upload-file HTTP/1.1
Request: POST /api/upload-file HTTP/1.1
Request: GET /server/upload HTTP/1.1
Request: POST /api/upload-file HTTP/1.1
Request: POST /api/upload-file HTTP/1.1
Request: POST /api/upload-file HTTP/1.1
Request: POST /api/upload-file HTTP/1.1
Request: GET /server/upload HTTP/1.1
Request: POST /api/upload-file HTTP/1.1
Request: POST /api/upload-file HTTP/1.1
Request: GET /server/upload HTTP/1.1
Request: POST /api/upload-file HTTP/1.1
Request: GET /server/upload HTTP/1.1
Request: POST /api/upload-file HTTP/1.1
Request: POST /api/upload-file HTTP/1.1
Request: GET /server HTTP/1.1
Request: GET /script.js HTTP/1.1
Request: GET /style.css HTTP/1.1
Request: GET /style.css HTTP/1.1
Request: GET /server/upload HTTP/1.1
Request: POST /api/upload-file HTTP/1.1
Request: POST /api/upload-file HTTP/1.1
Request: POST /api/upload-file HTTP/1.1
Request: POST /api/upload-file HTTP/1.1
Request: POST /api/upload-file HTTP/1.1
Request: POST /api/upload-file HTTP/1.1
Request: GET /server/upload HTTP/1.1
Request: POST /api/upload-file HTTP/1.1
Request: POST /api/upload HTTP/1.1
Request: POST /api/upload HTTP/1.1
Request: POST /api/upload HTTP/1.1
Request: POST /api/upload HTTP/1.1
Request: POST /api/upload-file HTTP/1.1
Request: POST /api/upload-file HTTP/1.1
Request: POST /api/upload-file HTTP/1.1
Request: POST /api/upload-file HTTP/1.1
Request: GET /server HTTP/1.1
Request: GET /script.js HTTP/1.1
Request: GET /style.css HTTP/1.1
Request: GET /style.css HTTP/1.1
Request: GET /server/upload HTTP/1.1
Request: POST /api/upload-file HTTP/1.1
Request: POST /api/upload-file HTTP/1.1
Request: POST /api/upload-file HTTP/1.1
Request: POST /api/upload-file HTTP/1.1
Request: GET /server HTTP/1.1
Request: GET /script.js HTTP/1.1
Request: GET /style.css HTTP/1.1
Request: GET /style.css HTTP/1.1
Request: GET /server/upload HTTP/1.1
Request: POST /api/upload-file HTTP/1.1
Request: POST /api/upload-file HTTP/1.1
Request: POST /api/upload-file HTTP/1.1
Request: POST /api/upload-file HTTP/1.1
Request: POST /api/upload-file HTTP/1.1
Request: POST /api/upload-file HTTP/1.1
Request: GET /server HTTP/1.1
Request: GET /style.css HTTP/1.1
Request: GET /script.js HTTP/1.1
Request: GET /style.css HTTP/1.1
Request: GET /server/upload HTTP/1.1
Request: POST /api/upload-file HTTP/1.1
Request: POST /api/upload-file HTTP/1.1
Request: POST /api/upload-file HTTP/1.1
Request: GET /server HTTP/1.1
Request: GET /script.js HTTP/1.1
Request: GET /style.css HTTP/1.1
Request: GET /style.css HTTP/1.1
Request: GET / HTTP/1.1
Request: GET /api/upload-file HTTP/1.1
Request: GET / HTTP/1.1
Request: GET /server HTTP/1.1
Request: GET /style.css HTTP/1.1
Request: GET /script.js HTTP/1.1
Request: GET /server/ HTTP/1.1
Request: GET /server/style.css HTTP/1.1
Request: GET /server/script.js HTTP/1.1
Request: GET /server HTTP/1.1
Request: GET /script.js HTTP/1.1
Request: GET /style.css HTTP/1.1
Request: GET /abouy HTTP/1.1
Request: GET /about HTTP/1.1
Request: GET /style.css HTTP/1.1
Request: GET /product HTTP/1.1
Request: GET / HTTP/1.1
Request: GET /favicon.ico HTTP/1.1
Request: GET /server HTTP/1.1
Request: GET /style.css HTTP/1.1
Request: GET /script.js HTTP/1.1
Request: GET /about HTTP/1.1
Request: GET /style.css HTTP/1.1
Request: POST /contact HTTP/1.1
Request: GET /server HTTP/1.1
Request: GET /style.css HTTP/1.1
Request: GET /script.js HTTP/1.1
Request: GET / HTTP/1.1
Request: GET /favicon.ico HTTP/1.1
Request: GET /server HTTP/1.1
Request: GET /style.css HTTP/1.1
Request: GET /script.js HTTP/1.1
Request: GET /contact HTTP/1.1
Request: GET / HTTP/1.1
Request: GET /favicon.ico HTTP/1.1
Request: GET /about HTTP/1.1
Request: GET /style.css HTTP/1.1
Request: GET /server HTTP/1.1
Request: GET /script.js HTTP/1.1
Request: GET /style.css HTTP/1.1
Request: GET /style.css HTTP/1.1
Request: GET /server HTTP/1.1
Request: GET /style.css HTTP/1.1
Request: GET /script.js HTTP/1.1
Request: GET /server/ HTTP/1.1
Request: GET /server/script.js HTTP/1.1
Request: GET /server/style.css HTTP/1.1
Request: GET /about HTTP/1.1
Request: GET /style.css HTTP/1.1
Request: GET /about/ HTTP/1.1
